[2018-12-29 09:58:26] slim-app.INFO: /pp33tt/sms/index.php/ [] {"uid":"de204ef"}
[2018-12-29 09:59:16] slim-app.INFO: /pp33tt/sms/index.php/ [] {"uid":"d931fee"}
[2018-12-29 09:59:19] slim-app.INFO: /pp33tt/sms/index.php/ [] {"uid":"8401ae5"}
[2018-12-29 09:59:25] slim-app.INFO: /pp33tt/sms/index.php/login [] {"uid":"2a5c8a0"}
[2018-12-29 10:00:11] slim-app.INFO: /pp33tt/sms/index.php/login [] {"uid":"7be97a4"}
[2018-12-29 10:04:14] slim-app.INFO: /pp33tt/sms/index.php/login [] {"uid":"8c0e614"}
[2018-12-29 10:05:25] slim-app.INFO: /pp33tt/sms/ [] {"uid":"322fc1d"}
[2018-12-29 10:10:01] slim-app.INFO: /pp33tt/sms/ [] {"uid":"b041754"}
[2018-12-29 10:11:14] slim-app.INFO: /pp33tt/sms/ [] {"uid":"a6800bc"}
[2018-12-29 10:11:16] slim-app.INFO: /pp33tt/sms/ [] {"uid":"7ce3bf6"}
[2018-12-29 10:11:25] slim-app.INFO: /pp33tt/sms/ [] {"uid":"61730ae"}
[2018-12-29 10:14:58] slim-app.INFO: /pp33tt/sms/ [] {"uid":"85a6848"}
[2018-12-29 10:15:00] slim-app.INFO: /pp33tt/sms/ [] {"uid":"4fb4dba"}
[2018-12-29 10:15:17] slim-app.INFO: /pp33tt/sms/ [] {"uid":"5e0d047"}
[2018-12-29 10:15:30] slim-app.INFO: /pp33tt/sms/ [] {"uid":"bacd192"}
[2018-12-29 10:15:38] slim-app.INFO: /pp33tt/sms/ [] {"uid":"12d3669"}
[2018-12-29 10:15:38] slim-app.INFO: /pp33tt/sms/ [] {"uid":"9018d67"}
[2018-12-29 10:15:39] slim-app.INFO: /pp33tt/sms/ [] {"uid":"eb92cfb"}
[2018-12-29 10:15:39] slim-app.INFO: /pp33tt/sms/ [] {"uid":"d334352"}
[2018-12-29 10:15:39] slim-app.INFO: /pp33tt/sms/ [] {"uid":"c83d806"}
[2018-12-29 10:15:52] slim-app.INFO: /pp33tt/sms/ [] {"uid":"a17a1ad"}
[2018-12-29 10:15:59] slim-app.INFO: /pp33tt/sms/ [] {"uid":"7e8681e"}
[2018-12-29 10:17:13] slim-app.INFO: /pp33tt/sms/ [] {"uid":"472f100"}
[2018-12-29 10:17:13] slim-app.INFO: /pp33tt/sms/ [] {"uid":"40143d4"}
[2018-12-29 10:17:14] slim-app.INFO: /pp33tt/sms/ [] {"uid":"5e3dabf"}
[2018-12-29 10:17:14] slim-app.INFO: /pp33tt/sms/ [] {"uid":"6b26e03"}
[2018-12-29 10:17:14] slim-app.INFO: /pp33tt/sms/ [] {"uid":"0e0030b"}
[2018-12-29 10:17:14] slim-app.INFO: /pp33tt/sms/ [] {"uid":"cb3ae91"}
[2018-12-29 10:17:14] slim-app.INFO: /pp33tt/sms/ [] {"uid":"baf7b4f"}
[2018-12-29 10:17:14] slim-app.INFO: /pp33tt/sms/ [] {"uid":"70063a3"}
[2018-12-29 10:17:48] slim-app.INFO: /pp33tt/sms/ [] {"uid":"7469d8f"}
[2018-12-29 10:18:29] slim-app.INFO: /pp33tt/sms/ [] {"uid":"11aa67c"}
[2018-12-29 10:21:54] slim-app.INFO: /pp33tt/sms/ [] {"uid":"5646f3b"}
[2018-12-29 10:22:02] slim-app.INFO: /pp33tt/sms/ [] {"uid":"894d23f"}
[2018-12-29 10:22:17] slim-app.INFO: /pp33tt/sms/ [] {"uid":"c176f6f"}
[2018-12-29 10:24:20] slim-app.INFO: /pp33tt/sms/ [] {"uid":"26bb885"}
[2018-12-29 10:26:46] slim-app.INFO: /pp33tt/sms/ [] {"uid":"0c3d05d"}
[2018-12-29 10:28:10] slim-app.INFO: /pp33tt/sms/ [] {"uid":"359eaa1"}
[2018-12-29 10:28:47] slim-app.INFO: /pp33tt/sms/ [] {"uid":"111c7e1"}
[2018-12-29 10:29:00] slim-app.INFO: /pp33tt/sms/ [] {"uid":"3f9d45a"}
[2018-12-29 10:33:15] slim-app.INFO: /pp33tt/sms/ [] {"uid":"3a95595"}
[2018-12-29 10:33:16] slim-app.INFO: /pp33tt/sms/ [] {"uid":"6da952a"}
[2018-12-29 10:33:17] slim-app.INFO: /pp33tt/sms/ [] {"uid":"f6e0aad"}
[2018-12-29 10:33:17] slim-app.INFO: /pp33tt/sms/ [] {"uid":"eff2c9c"}
[2018-12-29 10:33:17] slim-app.INFO: /pp33tt/sms/ [] {"uid":"6848c24"}
[2018-12-29 10:33:17] slim-app.INFO: /pp33tt/sms/ [] {"uid":"83ae046"}
[2018-12-29 10:33:57] slim-app.INFO: /pp33tt/sms/ [] {"uid":"e27aede"}
[2018-12-29 10:34:13] slim-app.INFO: /pp33tt/sms/ [] {"uid":"9d1e62b"}
[2018-12-29 10:34:28] slim-app.INFO: /pp33tt/sms/ [] {"uid":"983b621"}
[2018-12-29 10:35:02] slim-app.INFO: /pp33tt/sms/ [] {"uid":"dfe37b6"}
[2018-12-29 10:39:53] slim-app.INFO: /pp33tt/sms/ [] {"uid":"b888eed"}
[2018-12-29 10:40:20] slim-app.INFO: /pp33tt/sms/ [] {"uid":"23e0cc9"}
[2018-12-29 10:40:41] slim-app.INFO: /pp33tt/sms/ [] {"uid":"8020d47"}
[2018-12-29 10:48:21] slim-app.INFO: /pp33tt/sms/ [] {"uid":"959b3b7"}
[2018-12-29 10:48:34] slim-app.INFO: /pp33tt/sms/ [] {"uid":"50ca2bf"}
[2018-12-29 10:56:57] slim-app.INFO: /pp33tt/sms/ [] {"uid":"b1632b3"}
[2018-12-29 10:59:09] slim-app.INFO: /pp33tt/sms/ [] {"uid":"c677505"}
[2018-12-29 10:59:14] slim-app.INFO: /pp33tt/sms/ [] {"uid":"30ff6d6"}
[2018-12-29 11:00:28] slim-app.INFO: /pp33tt/sms/ [] {"uid":"decea1e"}
[2018-12-29 11:00:37] slim-app.INFO: /pp33tt/sms/ [] {"uid":"7c8c04d"}
[2018-12-29 11:16:44] slim-app.INFO: /pp33tt/sms/ [] {"uid":"c3d5886"}
[2018-12-29 11:19:59] slim-app.INFO: /pp33tt/sms/ [] {"uid":"0a3b257"}
[2018-12-29 11:20:49] slim-app.INFO: /pp33tt/sms/ [] {"uid":"92552c5"}
[2018-12-29 11:21:39] slim-app.INFO: /pp33tt/sms/ [] {"uid":"9a7d694"}
[2018-12-29 11:22:23] slim-app.INFO: /pp33tt/sms/ [] {"uid":"3ff4a1d"}
[2018-12-29 11:23:47] slim-app.INFO: /pp33tt/sms/index.php/login [] {"uid":"baa83cd"}
[2018-12-29 11:23:58] slim-app.INFO: /pp33tt/sms/ [] {"uid":"b0c35fc"}
[2018-12-29 11:24:06] slim-app.INFO: /pp33tt/sms/ [] {"uid":"63e5784"}
[2018-12-29 11:24:06] slim-app.INFO: /pp33tt/sms/ [] {"uid":"612e79c"}
[2018-12-29 11:24:12] slim-app.INFO: /pp33tt/sms/ [] {"uid":"3cc5f57"}
[2018-12-29 11:27:03] slim-app.INFO: /pp33tt/sms/ [] {"uid":"afc7acf"}
[2018-12-29 11:29:44] slim-app.INFO: /pp33tt/sms/ [] {"uid":"e8e4b74"}
[2018-12-29 11:30:16] slim-app.INFO: /pp33tt/sms/index.php/login [] {"uid":"c19db09"}
[2018-12-29 11:30:43] slim-app.INFO: /pp33tt/sms/index.php/login [] {"uid":"9ab2b83"}
[2018-12-29 11:30:49] slim-app.INFO: /pp33tt/sms/index.php/ [] {"uid":"98ccdf1"}
[2018-12-29 11:35:45] slim-app.INFO: /pp33tt/sms/ [] {"uid":"d9d1943"}
[2018-12-29 11:35:49] slim-app.INFO: /pp33tt/sms/index.php/ [] {"uid":"81d8173"}
[2018-12-29 11:36:08] slim-app.INFO: /pp33tt/sms/index.php/ [] {"uid":"eee2521"}
[2018-12-29 11:37:51] slim-app.INFO: /pp33tt/sms/index.php/ [] {"uid":"bd64e41"}
[2018-12-29 11:38:07] slim-app.INFO: /pp33tt/sms/index.php/ [] {"uid":"54469b5"}
[2018-12-29 11:39:00] slim-app.INFO: /pp33tt/sms/index.php/ [] {"uid":"bf9781b"}
[2018-12-29 11:39:11] slim-app.INFO: /pp33tt/sms/index.php/ [] {"uid":"25fc8f9"}
[2018-12-29 11:39:12] slim-app.INFO: /pp33tt/sms/index.php/ [] {"uid":"8777de1"}
[2018-12-29 11:39:17] slim-app.INFO: /pp33tt/sms/index.php/login [] {"uid":"1c0e97f"}
[2018-12-29 11:39:18] slim-app.INFO: /pp33tt/sms/index.php/ [] {"uid":"18a7aea"}
[2018-12-29 11:39:18] slim-app.INFO: /pp33tt/sms/ [] {"uid":"f92ed1e"}
[2018-12-29 11:39:32] slim-app.INFO: /pp33tt/sms/index.php/ [] {"uid":"11349cc"}
[2018-12-29 11:39:32] slim-app.INFO: /pp33tt/sms/index.php/ [] {"uid":"b5359c3"}
[2018-12-29 11:39:37] slim-app.INFO: /pp33tt/sms/index.php/ [] {"uid":"0fe73f2"}
[2018-12-29 11:39:39] slim-app.INFO: /pp33tt/sms/index.php/login [] {"uid":"15b43de"}
[2018-12-29 11:43:10] slim-app.INFO: /pp33tt/sms/index.php/login [] {"uid":"306a88a"}
[2018-12-29 11:46:15] slim-app.INFO: /pp33tt/sms/login [] {"uid":"35e98c1"}
[2018-12-29 11:46:51] slim-app.INFO: /pp33tt/sms/login [] {"uid":"e0ae756"}
[2018-12-29 11:46:54] slim-app.INFO: /pp33tt/sms/login.php [] {"uid":"979e9bf"}
[2018-12-29 11:46:55] slim-app.INFO: /pp33tt/sms/index.php/login [] {"uid":"5da6823"}
[2018-12-29 11:46:55] slim-app.INFO: /pp33tt/sms/index.php/ [] {"uid":"a7f6acf"}
[2018-12-29 11:46:57] slim-app.INFO: /pp33tt/sms/ [] {"uid":"0a6afa5"}
[2018-12-29 11:46:59] slim-app.INFO: /pp33tt/sms/login [] {"uid":"46d507c"}
[2018-12-29 11:47:42] slim-app.INFO: /pp33tt/sms/ [] {"uid":"3242882"}
[2018-12-29 11:47:43] slim-app.INFO: /pp33tt/sms/ [] {"uid":"cf417b6"}
[2018-12-29 11:47:47] slim-app.INFO: /pp33tt/sms/login [] {"uid":"a21a2bc"}
[2018-12-29 11:47:51] slim-app.INFO: /pp33tt/sms/api/login [] {"uid":"9b8e997"}
[2018-12-29 11:47:56] slim-app.INFO: /pp33tt/sms/login.php [] {"uid":"f23f479"}
[2018-12-29 11:47:56] slim-app.INFO: /pp33tt/sms/login [] {"uid":"00700e7"}
[2018-12-29 11:47:56] slim-app.INFO: /pp33tt/sms/ [] {"uid":"0d11292"}
[2018-12-29 11:48:26] slim-app.INFO: /pp33tt/sms/api/login [] {"uid":"f71fbe2"}
[2018-12-29 11:51:40] slim-app.INFO: /pp33tt/sms/api/login [] {"uid":"291fed7"}
[2018-12-29 11:51:47] slim-app.INFO: /pp33tt/sms/api/login [] {"uid":"74a3952"}
[2018-12-29 11:51:51] slim-app.INFO: /pp33tt/sms/api/login [] {"uid":"b1c2bc3"}
[2018-12-29 11:51:53] slim-app.INFO: /pp33tt/sms/ [] {"uid":"07bc491"}
[2018-12-29 11:52:03] slim-app.INFO: /pp33tt/sms/ [] {"uid":"80657aa"}
[2018-12-29 11:52:44] slim-app.INFO: /pp33tt/sms/ [] {"uid":"9b14cb0"}
[2018-12-29 11:52:51] slim-app.INFO: /pp33tt/sms/login [] {"uid":"763ae99"}
[2018-12-29 11:52:51] slim-app.INFO: /pp33tt/sms/login [] {"uid":"35c48b6"}
[2018-12-29 11:52:56] slim-app.INFO: /pp33tt/sms/login [] {"uid":"700fd38"}
[2018-12-29 11:53:01] slim-app.INFO: /pp33tt/sms/api/login [] {"uid":"ca50419"}
[2018-12-29 11:53:02] slim-app.INFO: /pp33tt/sms/ [] {"uid":"b34b036"}
[2018-12-29 11:53:07] slim-app.INFO: /pp33tt/sms/login [] {"uid":"fb5db4e"}
[2018-12-29 11:53:07] slim-app.INFO: /pp33tt/sms/ [] {"uid":"ffb2326"}
[2018-12-29 11:53:30] slim-app.INFO: /pp33tt/sms/ [] {"uid":"f8e86be"}
[2018-12-29 11:56:29] slim-app.INFO: /pp33tt/sms/ [] {"uid":"650debc"}
[2018-12-29 11:56:55] slim-app.INFO: /pp33tt/sms/ [] {"uid":"7dfda7c"}
[2018-12-29 12:00:42] slim-app.INFO: /pp33tt/sms/ [] {"uid":"41f210f"}
[2018-12-29 12:00:43] slim-app.INFO: /pp33tt/sms/api/sms/list/0/1000 [] {"uid":"d48481c"}
[2018-12-29 12:00:49] slim-app.INFO: /pp33tt/sms/ [] {"uid":"37120a1"}
[2018-12-29 12:00:50] slim-app.INFO: /pp33tt/sms/api/sms/list/0/1000 [] {"uid":"d63926a"}
[2018-12-29 12:01:06] slim-app.INFO: /pp33tt/sms/ [] {"uid":"e775fb4"}
[2018-12-29 12:01:08] slim-app.INFO: /pp33tt/sms/ [] {"uid":"96481e4"}
[2018-12-29 12:01:09] slim-app.INFO: /pp33tt/sms/ [] {"uid":"91cb0a4"}
[2018-12-29 12:04:18] slim-app.INFO: /pp33tt/sms/ [] {"uid":"beee853"}
[2018-12-29 12:04:21] slim-app.INFO: /pp33tt/sms/ [] {"uid":"eafbe24"}
[2018-12-29 12:04:24] slim-app.INFO: /pp33tt/sms/login [] {"uid":"95040e9"}
[2018-12-29 12:04:29] slim-app.INFO: /pp33tt/sms/api/login [] {"uid":"691dfd2"}
[2018-12-29 12:04:31] slim-app.INFO: /pp33tt/sms/ [] {"uid":"5fd8843"}
[2018-12-29 12:05:24] slim-app.INFO: /pp33tt/sms/ [] {"uid":"a6e28ac"}
[2018-12-29 12:05:28] slim-app.INFO: /pp33tt/sms/ [] {"uid":"9360682"}
[2018-12-29 12:05:29] slim-app.INFO: /pp33tt/sms/ [] {"uid":"3e83c4f"}
[2018-12-29 12:05:29] slim-app.INFO: /pp33tt/sms/ [] {"uid":"51a9aeb"}
[2018-12-29 12:05:30] slim-app.INFO: /pp33tt/sms/ [] {"uid":"7734f36"}
[2018-12-29 12:05:33] slim-app.INFO: /pp33tt/sms/login [] {"uid":"a81acfd"}
[2018-12-29 12:05:38] slim-app.INFO: /pp33tt/sms/api/login [] {"uid":"3eb63c0"}
[2018-12-29 12:05:39] slim-app.INFO: /pp33tt/sms/ [] {"uid":"9148566"}
[2018-12-29 12:05:39] slim-app.INFO: /pp33tt/sms/api/sms/list/0/1000 [] {"uid":"c1f13f7"}
[2018-12-29 11:01:21] slim-app.INFO: /pp33tt/sms/ [] {"uid":"9359810"}
[2018-12-29 11:01:39] slim-app.INFO: /pp33tt/sms/login [] {"uid":"f3c89de"}
[2018-12-29 11:06:16] slim-app.INFO: /pp33tt/sms/api/login [] {"uid":"0f2136e"}
[2018-12-29 11:06:26] slim-app.INFO: /pp33tt/sms/api/register [] {"uid":"ea37a15"}
[2018-12-29 11:06:27] slim-app.INFO: /pp33tt/sms/ [] {"uid":"400e776"}
[2018-12-29 11:06:31] slim-app.INFO: /pp33tt/sms/ [] {"uid":"2c8845d"}
[2018-12-29 11:10:54] slim-app.INFO: /pp33tt/sms/ [] {"uid":"2a710fe"}
[2018-12-29 11:10:56] slim-app.INFO: /pp33tt/sms/login [] {"uid":"6c2b109"}
[2018-12-29 11:11:02] slim-app.INFO: /pp33tt/sms/api/login [] {"uid":"d2361b0"}
[2018-12-29 11:11:08] slim-app.INFO: /pp33tt/sms/api/login [] {"uid":"59f9c34"}
[2018-12-29 11:11:09] slim-app.INFO: /pp33tt/sms/ [] {"uid":"d4393d4"}
[2018-12-29 11:11:09] slim-app.INFO: /pp33tt/sms/api/sms/list/0/1000 [] {"uid":"11f2ff4"}
[2018-12-29 11:16:38] slim-app.INFO: /pp33tt/sms/api/sms/list/0/1000 [] {"uid":"aa57031"}
[2018-12-29 11:16:44] slim-app.INFO: /pp33tt/sms/ [] {"uid":"4f4714b"}
[2018-12-29 11:17:02] slim-app.INFO: /pp33tt/sms/api/sms/list/0/1000 [] {"uid":"325adae"}
[2018-12-29 11:19:38] slim-app.INFO: /pp33tt/sms/api/sms/list/0/1000 [] {"uid":"1064ceb"}
[2018-12-29 11:20:31] slim-app.INFO: /pp33tt/sms/api/sms/list/0/1000 [] {"uid":"922b4a9"}
[2018-12-29 11:22:23] slim-app.INFO: /pp33tt/sms/api/logout [] {"uid":"2f1d048"}
[2018-12-29 11:22:23] slim-app.INFO: /pp33tt/sms/ [] {"uid":"419edcb"}
[2018-12-29 11:22:25] slim-app.INFO: /pp33tt/sms/login [] {"uid":"322cba8"}
[2018-12-29 11:22:33] slim-app.INFO: /pp33tt/sms/api/login [] {"uid":"922b869"}
[2018-12-29 11:22:34] slim-app.INFO: /pp33tt/sms/ [] {"uid":"e04e85a"}
[2018-12-29 11:22:34] slim-app.INFO: /pp33tt/sms/api/sms/list/0/1000 [] {"uid":"cc28af7"}
[2019-01-02 09:26:24] slim-app.INFO: /sms/ [] {"uid":"2954fb9"}
[2019-01-02 09:28:08] slim-app.INFO: /sms/ [] {"uid":"e519aab"}
[2019-01-02 10:02:25] slim-app.INFO: /sms/ [] {"uid":"ff7c64f"}
[2019-01-02 10:06:30] slim-app.INFO: /sms/ [] {"uid":"d6d255c"}
[2019-01-02 10:06:33] slim-app.INFO: /sms/ [] {"uid":"639d42c"}
[2019-01-02 10:12:45] slim-app.INFO: /sms/ [] {"uid":"1f9d042"}
[2019-01-02 10:25:19] slim-app.INFO: /sms/ [] {"uid":"f8821fb"}
[2019-01-02 10:25:53] slim-app.INFO: /sms/ [] {"uid":"d1d7921"}
[2019-01-02 10:28:14] slim-app.INFO: /sms/ [] {"uid":"83e1d6e"}
[2019-01-02 10:28:18] slim-app.INFO: /sms/ [] {"uid":"74b181d"}
[2019-01-02 10:28:35] slim-app.INFO: /sms/ [] {"uid":"51fb640"}
[2019-01-02 10:28:37] slim-app.INFO: /sms/ [] {"uid":"5fe95d9"}
[2019-01-02 10:28:40] slim-app.INFO: /sms/ [] {"uid":"1ed06fc"}
[2019-01-02 10:32:38] slim-app.INFO: /sms/ [] {"uid":"24a5bb5"}
[2019-01-02 10:32:56] slim-app.INFO: /sms/ [] {"uid":"319a4d2"}
[2019-01-02 10:36:02] slim-app.INFO: /sms/index.php/ [] {"uid":"e1df559"}
[2019-01-02 10:36:24] slim-app.INFO: /sms/index.php/login [] {"uid":"dfddd17"}
[2019-01-02 10:36:30] slim-app.INFO: /sms/index.php/login [] {"uid":"eb92119"}
[2019-01-02 10:37:26] slim-app.INFO: /sms/index.php/ [] {"uid":"bf67ba9"}
[2019-01-02 10:37:27] slim-app.INFO: /sms/ [] {"uid":"e543274"}
[2019-01-02 10:38:45] slim-app.INFO: /sms/ [] {"uid":"1d8c39d"}
[2019-01-02 10:40:46] slim-app.INFO: /sms/ [] {"uid":"3bfa442"}
[2019-01-02 10:40:50] slim-app.INFO: /sms/ [] {"uid":"52a1b2b"}
[2019-01-02 10:41:31] slim-app.INFO: /sms/ [] {"uid":"f9187c2"}
[2019-01-02 10:42:07] slim-app.INFO: /sms/ [] {"uid":"66d7ba0"}
[2019-01-02 10:52:05] slim-app.INFO: /sms/ [] {"uid":"e2408b3"}
[2019-01-02 10:55:42] slim-app.INFO: /sms/ [] {"uid":"90b13a4"}
[2019-01-02 10:55:44] slim-app.INFO: /sms/ [] {"uid":"127a5f0"}
[2019-01-02 10:58:35] slim-app.INFO: /sms/ [] {"uid":"14b9604"}
[2019-01-02 10:59:05] slim-app.INFO: /sms/index.php/ [] {"uid":"69a0410"}
[2019-01-02 10:59:17] slim-app.INFO: /sms/index.php/login [] {"uid":"9bd4e71"}
[2019-01-02 11:00:39] slim-app.INFO: /sms/index.php/ [] {"uid":"3973dc3"}
[2019-01-02 11:00:41] slim-app.INFO: /sms/ [] {"uid":"658dd94"}
[2019-01-02 11:00:43] slim-app.INFO: /sms/ [] {"uid":"8592432"}
[2019-01-02 11:22:38] slim-app.INFO: /sms/ [] {"uid":"8100d55"}
[2019-01-02 11:22:42] slim-app.INFO: /sms/ [] {"uid":"7cf7932"}
[2019-01-02 11:23:24] slim-app.INFO: /sms/ [] {"uid":"7895e14"}
[2019-01-02 11:23:27] slim-app.INFO: /sms/ [] {"uid":"f4d1dcb"}
[2019-01-02 11:25:52] slim-app.INFO: /sms/ [] {"uid":"acd7c5f"}
[2019-01-02 11:28:00] slim-app.INFO: /sms/ [] {"uid":"40a12ea"}
[2019-01-02 11:30:42] slim-app.INFO: /sms/ [] {"uid":"42b49ae"}
[2019-01-02 11:36:48] slim-app.INFO: /sms/index.php/login [] {"uid":"31db079"}
[2019-01-02 11:37:46] slim-app.INFO: /sms/index.php/api/register [] {"uid":"cfdd6fc"}
[2019-01-02 11:37:48] slim-app.INFO: /sms/index.php/api/login [] {"uid":"62c0650"}
[2019-01-02 11:37:49] slim-app.INFO: /sms/index.php/api/register [] {"uid":"dd95e09"}
[2019-01-02 11:38:13] slim-app.INFO: /sms/index.php/ [] {"uid":"b59407b"}
[2019-01-02 11:43:47] slim-app.INFO: /sms/index.php/ [] {"uid":"b1ff193"}
[2019-01-02 11:43:48] slim-app.INFO: /sms/index.php/login [] {"uid":"4d430e1"}
[2019-01-02 11:49:07] slim-app.INFO: /sms/ [] {"uid":"6962822"}
[2019-01-02 11:49:10] slim-app.INFO: /sms/ [] {"uid":"0d3f329"}
[2019-01-02 11:50:14] slim-app.INFO: /sms/index.php/ [] {"uid":"2ab28e2"}
[2019-01-02 11:50:18] slim-app.INFO: /sms/index.php/ [] {"uid":"c02c47e"}
[2019-01-02 11:50:23] slim-app.INFO: /sms/index.php/login [] {"uid":"963855c"}
[2019-01-02 11:51:00] slim-app.INFO: /sms/index.php/ [] {"uid":"ccf49a6"}
[2019-01-02 11:51:02] slim-app.INFO: /sms/ [] {"uid":"5c9795b"}
[2019-01-02 11:51:07] slim-app.INFO: /sms/ [] {"uid":"74b40be"}
[2019-01-02 12:03:34] slim-app.INFO: /sms/ [] {"uid":"0a56cd4"}
[2019-01-02 12:03:36] slim-app.INFO: /sms/ [] {"uid":"dc7b7ca"}
[2019-01-02 12:03:37] slim-app.INFO: /sms/index.php/login [] {"uid":"d0a1c3f"}
[2019-01-02 12:03:44] slim-app.INFO: /sms/ [] {"uid":"1a9e2dd"}
[2019-01-02 12:03:55] slim-app.INFO: /sms/ [] {"uid":"27449c5"}
[2019-01-02 12:03:56] slim-app.INFO: /sms/index.php/login [] {"uid":"0f445a6"}
[2019-01-02 12:04:08] slim-app.INFO: /sms/index.php/index.php/api/login [] {"uid":"3e2d142"}
[2019-01-02 12:04:15] slim-app.INFO: /sms/index.php/index.php/api/register [] {"uid":"7e257f7"}
[2019-01-02 12:04:18] slim-app.INFO: /sms/index.php/index.php/api/login [] {"uid":"d556986"}
[2019-01-02 12:04:18] slim-app.INFO: /sms/index.php/index.php/api/register [] {"uid":"55289db"}
[2019-01-02 12:04:19] slim-app.INFO: /sms/index.php/index.php/api/login [] {"uid":"d0cb9d4"}
[2019-01-02 12:04:19] slim-app.INFO: /sms/index.php/index.php/api/register [] {"uid":"cd24d58"}
[2019-01-02 12:04:20] slim-app.INFO: /sms/index.php/index.php/api/login [] {"uid":"cd407ca"}
[2019-01-02 12:04:20] slim-app.INFO: /sms/index.php/index.php/api/register [] {"uid":"c015832"}
[2019-01-02 12:04:20] slim-app.INFO: /sms/index.php/index.php/api/login [] {"uid":"0b9c6a1"}
[2019-01-02 12:04:20] slim-app.INFO: /sms/index.php/index.php/api/register [] {"uid":"fa1ff35"}
[2019-01-02 12:05:13] slim-app.INFO: /sms/index.php/index.php/api/login [] {"uid":"d6d4743"}
[2019-01-02 12:05:15] slim-app.INFO: /sms/index.php/index.php/api/register [] {"uid":"d0ef80f"}
[2019-01-02 12:09:07] slim-app.INFO: /sms/index.php/index.php/api/login [] {"uid":"d1307f7"}
[2019-01-02 12:09:11] slim-app.INFO: /sms/index.php/index.php/api/register [] {"uid":"6cf5fed"}
[2019-01-02 12:19:33] slim-app.INFO: /sms/index.php/index.php/api/login [] {"uid":"72702c9"}
[2019-01-02 12:19:34] slim-app.INFO: /sms/index.php/index.php/api/register [] {"uid":"eb51e65"}
[2019-01-02 12:25:51] slim-app.INFO: /sms/ [] {"uid":"0f8bd80"}
[2019-01-02 12:25:51] slim-app.INFO: /sms/index.php/ [] {"uid":"1d5e3bb"}
[2019-01-02 12:25:55] slim-app.INFO: /sms/ [] {"uid":"300f30d"}
[2019-01-02 12:25:55] slim-app.INFO: /sms/index.php/ [] {"uid":"a9cb37f"}
[2019-01-02 12:25:56] slim-app.INFO: /sms/index.php/login [] {"uid":"4ca9837"}
[2019-01-02 12:26:06] slim-app.INFO: /sms/index.php/api/login [] {"uid":"50697f2"}
[2019-01-02 12:26:19] slim-app.INFO: /sms/index.php/api/register [] {"uid":"24be049"}
[2019-01-02 12:27:26] slim-app.INFO: /sms/index.php/api/login [] {"uid":"bc391c9"}
[2019-01-02 12:30:14] slim-app.INFO: /sms/index.php/api/register [] {"uid":"41054de"}
[2019-01-02 12:30:17] slim-app.INFO: /sms/index.php/api/login [] {"uid":"4f1537d"}
[2019-01-02 12:33:22] slim-app.INFO: /sms/index.php/api/login [] {"uid":"dff22e9"}
[2019-01-02 12:33:33] slim-app.INFO: /sms/index.php/api/register [] {"uid":"b00e6fd"}
[2019-01-02 12:33:33] slim-app.INFO: /sms/index.php/ [] {"uid":"5b6710f"}
[2019-01-02 12:33:34] slim-app.INFO: /sms/index.php/api/sms/list/0/1000 [] {"uid":"26b9c85"}
[2019-01-02 12:33:37] slim-app.INFO: /sms/index.php/api/sms/list/0/1000 [] {"uid":"3e361c2"}
[2019-01-02 12:33:39] slim-app.INFO: /sms/index.php/api/sms/refresh [] {"uid":"c159e56"}
[2019-01-02 12:33:40] slim-app.INFO: /sms/index.php/ [] {"uid":"912a07b"}
[2019-01-02 12:33:40] slim-app.INFO: /sms/index.php/api/sms/list/0/1000 [] {"uid":"c592b8d"}
[2019-01-02 12:33:44] slim-app.INFO: /sms/index.php/api/sms/list/0/1000 [] {"uid":"0473c37"}
[2019-01-02 12:33:57] slim-app.INFO: /sms/index.php/api/sms/refresh [] {"uid":"813aa27"}
[2019-01-02 12:33:58] slim-app.INFO: /sms/index.php/ [] {"uid":"f89373a"}
[2019-01-02 12:33:58] slim-app.INFO: /sms/index.php/api/sms/list/0/1000 [] {"uid":"5bcd371"}
[2019-01-02 12:35:49] slim-app.INFO: /sms/index.php/login [] {"uid":"f007718"}
[2019-01-02 12:35:53] slim-app.INFO: /sms/index.php/api/login [] {"uid":"638ac5c"}
[2019-01-02 12:35:54] slim-app.INFO: /sms/index.php/ [] {"uid":"062049c"}
[2019-01-02 12:35:54] slim-app.INFO: /sms/index.php/api/sms/list/0/1000 [] {"uid":"6470247"}
[2019-01-02 12:35:57] slim-app.INFO: /sms/index.php/api/sms/refresh [] {"uid":"0c43843"}
[2019-01-02 12:35:58] slim-app.INFO: /sms/index.php/ [] {"uid":"8138906"}
[2019-01-02 12:35:58] slim-app.INFO: /sms/index.php/api/sms/list/0/1000 [] {"uid":"e9bcdbf"}
[2019-01-02 12:36:00] slim-app.INFO: /sms/index.php/api/sms/refresh [] {"uid":"201f3ef"}
[2019-01-02 12:36:06] slim-app.INFO: /sms/index.php/api/sms/list/0/1000 [] {"uid":"9444e21"}
[2019-01-02 12:36:23] slim-app.INFO: /sms/index.php/api/logout [] {"uid":"c443666"}
[2019-01-02 12:36:23] slim-app.INFO: /sms/index.php/ [] {"uid":"4e9058b"}
[2019-01-02 12:36:30] slim-app.INFO: /sms/index.php/index.php/login [] {"uid":"96df6f6"}
[2019-01-02 12:36:44] slim-app.INFO: /sms/index.php/ [] {"uid":"10d2818"}
[2019-01-02 12:37:30] slim-app.INFO: /sms/index.php/index.php/login [] {"uid":"4c456d5"}
[2019-01-02 12:37:32] slim-app.INFO: /sms/index.php/ [] {"uid":"06eafb2"}
[2019-01-02 12:37:32] slim-app.INFO: /sms/index.php/login [] {"uid":"6708d1d"}
[2019-01-02 12:37:34] slim-app.INFO: /sms/index.php/ [] {"uid":"f69ac52"}
[2019-01-02 12:37:39] slim-app.INFO: /sms/index.php/login [] {"uid":"1882cae"}
[2019-01-02 12:37:39] slim-app.INFO: /sms/index.php/ [] {"uid":"7e57582"}
[2019-01-02 12:37:41] slim-app.INFO: /sms/ [] {"uid":"beb0732"}
[2019-01-02 12:37:41] slim-app.INFO: /sms/index.php/ [] {"uid":"b5b563c"}
[2019-01-02 12:37:42] slim-app.INFO: /sms/index.php/login [] {"uid":"846f49e"}
[2019-01-02 12:37:55] slim-app.INFO: /sms/index.php/api/login [] {"uid":"370a520"}
[2019-01-02 12:37:56] slim-app.INFO: /sms/index.php/ [] {"uid":"8b5a05c"}
[2019-01-02 12:37:57] slim-app.INFO: /sms/index.php/api/sms/list/0/1000 [] {"uid":"66f8f48"}
[2019-01-02 12:37:58] slim-app.INFO: /sms/index.php/api/logout [] {"uid":"8e5b88c"}
[2019-01-02 12:37:58] slim-app.INFO: /sms/index.php/ [] {"uid":"7785f00"}
[2019-01-02 12:37:59] slim-app.INFO: /sms/index.php/index.php/login [] {"uid":"62829fb"}
[2019-01-02 12:38:10] slim-app.INFO: /sms/index.php/ [] {"uid":"c186046"}
[2019-01-02 12:38:31] slim-app.INFO: /sms/index.php/login [] {"uid":"1ec1079"}
[2019-01-02 12:38:50] slim-app.INFO: /sms/index.php/ [] {"uid":"9c1eebd"}
[2019-01-02 12:38:51] slim-app.INFO: /sms/index.php/login [] {"uid":"478cbab"}
[2019-01-02 12:39:09] slim-app.INFO: /sms/index.php/api/login [] {"uid":"17a96f1"}
[2019-01-02 12:39:10] slim-app.INFO: /sms/index.php/ [] {"uid":"0a3a453"}
[2019-01-02 12:39:10] slim-app.INFO: /sms/index.php/api/sms/list/0/1000 [] {"uid":"191bd7d"}
[2019-01-02 12:42:14] slim-app.INFO: /sms/index.php/ [] {"uid":"f94cf93"}
[2019-01-02 12:42:14] slim-app.INFO: /sms/index.php/api/sms/list/0/1000 [] {"uid":"935aaca"}
[2019-01-02 12:42:37] slim-app.INFO: /sms/index.php/login [] {"uid":"ef93c0c"}
[2019-01-02 12:42:38] slim-app.INFO: /sms/index.php/ [] {"uid":"f7cd58a"}
[2019-01-02 12:43:22] slim-app.INFO: /sms/ [] {"uid":"64acb5d"}
[2019-01-02 12:43:22] slim-app.INFO: /sms/index.php/ [] {"uid":"9e284ef"}
[2019-01-02 12:43:28] slim-app.INFO: /sms/ [] {"uid":"d997900"}
[2019-01-02 12:43:28] slim-app.INFO: /sms/index.php/ [] {"uid":"5f9a0b1"}
[2019-01-02 12:43:35] slim-app.INFO: /sms/ [] {"uid":"7827121"}
[2019-01-02 12:43:35] slim-app.INFO: /sms/index.php/ [] {"uid":"934aca7"}
[2019-01-02 12:44:03] slim-app.INFO: /sms/ [] {"uid":"74f853c"}
[2019-01-02 12:44:03] slim-app.INFO: /sms/index.php/ [] {"uid":"274818c"}
[2019-01-02 12:44:34] slim-app.INFO: /sms/ [] {"uid":"79e98df"}
[2019-01-02 12:44:34] slim-app.INFO: /sms/index.php/ [] {"uid":"15f45b0"}
[2019-01-02 12:45:37] slim-app.INFO: /sms/ [] {"uid":"0abf85a"}
[2019-01-02 12:45:37] slim-app.INFO: /sms/index.php/ [] {"uid":"1ba339a"}
[2019-01-02 12:45:54] slim-app.INFO: /sms/index.php/ [] {"uid":"f25a9d2"}
[2019-01-02 12:46:01] slim-app.INFO: /sms/ [] {"uid":"46bf06b"}
[2019-01-02 12:46:01] slim-app.INFO: /sms/index.php/ [] {"uid":"427580f"}
[2019-01-02 12:57:43] slim-app.INFO: /sms/ [] {"uid":"241425c"}
[2019-01-02 12:57:43] slim-app.INFO: /sms/index.php/ [] {"uid":"9bb01f9"}
[2019-01-02 13:04:35] slim-app.INFO: /sms/ [] {"uid":"4ed3dca"}
[2019-01-02 13:04:35] slim-app.INFO: /sms/index.php/ [] {"uid":"55e1355"}
[2019-01-02 13:04:35] slim-app.INFO: /sms/index.php/api/sms/list/0/1000 [] {"uid":"9440ab8"}
[2019-01-02 13:04:43] slim-app.INFO: /sms/index.php/api/logout [] {"uid":"5bb6f60"}
[2019-01-02 13:04:43] slim-app.INFO: /sms/index.php/ [] {"uid":"0fbd2bf"}
[2019-01-02 13:04:46] slim-app.INFO: /sms/index.php/login [] {"uid":"76415a5"}
[2019-01-02 13:04:51] slim-app.INFO: /sms/index.php/api/login [] {"uid":"5f9fb6a"}
[2019-01-02 13:04:52] slim-app.INFO: /sms/index.php/ [] {"uid":"8158eaa"}
[2019-01-02 13:04:53] slim-app.INFO: /sms/index.php/api/sms/list/0/1000 [] {"uid":"b51139c"}
[2019-01-02 13:05:08] slim-app.INFO: /sms/index.php/api/logout [] {"uid":"859ef42"}
[2019-01-02 13:05:09] slim-app.INFO: /sms/index.php/ [] {"uid":"cf417e7"}
[2019-01-04 16:25:47] slim-app.INFO: /sms/ [] {"uid":"ed299b5"}
[2019-01-04 16:25:47] slim-app.INFO: /sms/index.php/ [] {"uid":"1052cce"}
[2019-01-04 16:25:47] slim-app.INFO: /sms/index.php/api/sms/list/0/1000 [] {"uid":"7ba0018"}
[2019-01-04 16:25:49] slim-app.INFO: /sms/index.php/api/sms/refresh [] {"uid":"366684a"}
[2019-01-04 16:25:53] slim-app.INFO: /sms/index.php/api/sms/list/0/1000 [] {"uid":"284161c"}
[2019-01-04 16:29:44] slim-app.INFO: /sms/index.php/api/sms/list/0/1000 [] {"uid":"136be10"}
[2019-01-04 16:29:45] slim-app.INFO: /sms/index.php/api/sms/list/0/1000 [] {"uid":"3313210"}
[2019-01-04 16:29:45] slim-app.INFO: /sms/index.php/api/sms/list/0/1000 [] {"uid":"21dda25"}
[2019-01-04 16:29:45] slim-app.INFO: /sms/index.php/api/sms/list/0/1000 [] {"uid":"0c65f35"}
[2019-01-04 16:29:46] slim-app.INFO: /sms/index.php/api/sms/list/0/1000 [] {"uid":"e004536"}
[2019-01-04 16:29:46] slim-app.INFO: /sms/index.php/api/sms/list/0/1000 [] {"uid":"b3d65c4"}
[2019-01-04 16:29:46] slim-app.INFO: /sms/index.php/api/sms/list/0/1000 [] {"uid":"ff8cee6"}
[2019-01-04 16:29:46] slim-app.INFO: /sms/index.php/api/sms/list/0/1000 [] {"uid":"bef7a62"}
[2019-01-04 16:29:46] slim-app.INFO: /sms/index.php/api/sms/list/0/1000 [] {"uid":"4958951"}
[2019-01-04 16:29:47] slim-app.INFO: /sms/index.php/api/sms/refresh [] {"uid":"b897456"}
[2019-01-04 16:29:48] slim-app.INFO: /sms/index.php/api/sms/list/0/1000 [] {"uid":"09c1b6e"}
[2019-01-04 16:29:49] slim-app.INFO: /sms/index.php/api/sms/list/0/1000 [] {"uid":"ebd70a3"}
[2019-01-04 16:31:45] slim-app.INFO: /sms/index.php/api/sms/list/0/1000 [] {"uid":"6993972"}
[2019-01-07 20:37:28] slim-app.INFO: /sms/ [] {"uid":"8c9914d"}
[2019-01-07 20:37:28] slim-app.INFO: /sms/index.php/ [] {"uid":"1ffda56"}
[2019-01-07 20:37:30] slim-app.INFO: /sms/index.php/login [] {"uid":"52efabd"}
[2019-01-07 20:37:35] slim-app.INFO: /sms/index.php/api/login [] {"uid":"d4746bf"}
[2019-01-07 20:38:47] slim-app.INFO: /sms/index.php/api/login [] {"uid":"6e51e0e"}
[2019-01-07 20:38:49] slim-app.INFO: /sms/index.php/api/login [] {"uid":"58be279"}
[2019-01-07 20:39:01] slim-app.INFO: /sms/index.php/api/register [] {"uid":"51905b7"}
[2019-01-07 20:39:33] slim-app.INFO: /sms/index.php/api/login [] {"uid":"4acf524"}
[2019-01-07 20:40:55] slim-app.INFO: /sms/index.php/api/login [] {"uid":"74c7e3a"}
[2019-01-07 20:40:57] slim-app.INFO: /sms/index.php/ [] {"uid":"247bcc4"}
[2019-01-07 20:40:57] slim-app.INFO: /sms/index.php/api/sms/list/0/1000 [] {"uid":"535332b"}
[2019-01-07 20:40:59] slim-app.INFO: /sms/index.php/api/sms/refresh [] {"uid":"b6b0df7"}
[2019-01-07 20:41:02] slim-app.INFO: /sms/index.php/api/sms/list/0/1000 [] {"uid":"fa72d3b"}
[2019-01-07 20:41:28] slim-app.INFO: /sms/index.php/ [] {"uid":"4c876a1"}
[2019-01-07 20:41:29] slim-app.INFO: /sms/index.php/api/sms/list/0/1000 [] {"uid":"73e989e"}
[2019-01-07 20:41:30] slim-app.INFO: /sms/index.php/api/sms/refresh [] {"uid":"bbb1261"}
[2019-01-07 20:41:31] slim-app.INFO: /sms/index.php/api/sms/list/0/1000 [] {"uid":"6022dab"}
[2019-01-07 20:41:33] slim-app.INFO: /sms/index.php/api/sms/list/0/1000 [] {"uid":"a011b32"}
[2019-01-07 20:41:33] slim-app.INFO: /sms/index.php/api/sms/list/0/1000 [] {"uid":"7e84843"}
[2019-01-07 20:41:33] slim-app.INFO: /sms/index.php/api/sms/list/0/1000 [] {"uid":"5754239"}
[2019-01-07 20:41:34] slim-app.INFO: /sms/index.php/api/sms/list/0/1000 [] {"uid":"ff9d687"}
[2019-01-07 20:41:34] slim-app.INFO: /sms/index.php/api/sms/list/0/1000 [] {"uid":"6025fe1"}
[2019-01-07 20:42:06] slim-app.INFO: /sms/index.php/api/sms/refresh [] {"uid":"22357e5"}
[2019-01-07 20:43:44] slim-app.INFO: /sms/index.php/api/sms/refresh [] {"uid":"0490f08"}
[2019-01-07 20:44:11] slim-app.INFO: /sms/index.php/api/sms/refresh [] {"uid":"971c6c6"}
[2019-01-07 20:44:15] slim-app.INFO: /sms/index.php/api/sms/refresh [] {"uid":"ed0bb28"}
[2019-01-07 20:44:16] slim-app.INFO: /sms/index.php/api/sms/list/0/1000 [] {"uid":"a2658fc"}
[2019-01-07 20:48:05] slim-app.INFO: /sms/index.php/api/sms/refresh [] {"uid":"87022aa"}
[2019-01-07 20:48:05] slim-app.INFO: /sms/index.php/ [] {"uid":"c44f6b5"}
[2019-01-07 20:48:06] slim-app.INFO: /sms/index.php/api/sms/list/0/1000 [] {"uid":"f1580df"}
[2019-01-07 20:48:12] slim-app.INFO: /sms/index.php/api/sms/list/0/1000 [] {"uid":"6659773"}
[2019-01-07 20:49:32] slim-app.INFO: /sms/index.php/api/sms/list/0/1000 [] {"uid":"c29ce6f"}
[2019-01-07 20:49:33] slim-app.INFO: /sms/index.php/api/sms/list/0/1000 [] {"uid":"ae9c5f5"}
[2019-01-07 20:50:28] slim-app.INFO: /sms/index.php/api/sms/list/self/0/1000/18-3110-AL [] {"uid":"dcc9f1d"}
[2019-01-07 20:50:28] slim-app.INFO: /sms/index.php/api/sms/list/0/1000 [] {"uid":"d895355"}
[2019-01-07 21:15:55] slim-app.INFO: /sms/index.php/api/sms/list/0/1000 [] {"uid":"c6e041c"}
[2019-01-08 17:28:39] slim-app.INFO: /sms/ [] {"uid":"b4a4d3d"}
[2019-01-08 17:28:39] slim-app.INFO: /sms/index.php/ [] {"uid":"c1de1a0"}
[2019-01-08 17:28:41] slim-app.INFO: /sms/index.php/login [] {"uid":"1f8e8ad"}
[2019-01-08 17:28:52] slim-app.INFO: /sms/index.php/api/login [] {"uid":"51c3588"}
[2019-01-08 17:29:37] slim-app.INFO: /sms/index.php/api/login [] {"uid":"d457e48"}
[2019-01-08 17:29:46] slim-app.INFO: /sms/index.php/api/login [] {"uid":"5b861d8"}
[2019-01-08 17:32:33] slim-app.INFO: /sms/index.php/api/login [] {"uid":"ced67bd"}
[2019-01-08 17:32:49] slim-app.INFO: /sms/index.php/api/register [] {"uid":"d1299bb"}
[2019-01-08 17:34:51] slim-app.INFO: /sms/index.php/api/register [] {"uid":"abe225e"}
[2019-01-08 17:34:59] slim-app.INFO: /sms/index.php/api/register [] {"uid":"2a1048b"}
[2019-01-08 17:35:29] slim-app.INFO: /sms/index.php/api/register [] {"uid":"386cb73"}
[2019-01-08 17:36:12] slim-app.INFO: /sms/index.php/api/register [] {"uid":"362b427"}
[2019-01-08 17:37:29] slim-app.INFO: /sms/index.php/api/register [] {"uid":"cba08a5"}
[2019-01-08 17:38:39] slim-app.INFO: /sms/index.php/api/register [] {"uid":"d514636"}
[2019-01-08 17:39:42] slim-app.INFO: /sms/index.php/api/login [] {"uid":"9d785f4"}
[2019-01-08 17:39:43] slim-app.INFO: /sms/index.php/ [] {"uid":"5d27754"}
[2019-01-08 17:39:43] slim-app.INFO: /sms/index.php/api/sms/list/0/1000 [] {"uid":"dc3fb93"}
[2019-01-08 17:46:27] slim-app.INFO: /sms/index.php/api/logout [] {"uid":"f7f288c"}
[2019-01-08 17:46:27] slim-app.INFO: /sms/index.php/ [] {"uid":"f6eb8cd"}
[2019-01-08 17:46:28] slim-app.INFO: /sms/index.php/login [] {"uid":"ef15b6e"}
[2019-01-08 17:46:33] slim-app.INFO: /sms/index.php/api/register [] {"uid":"ce1372b"}
[2019-01-08 18:12:21] slim-app.INFO: /sms/index.php/ [] {"uid":"2787501"}
[2019-01-08 18:12:25] slim-app.INFO: /sms/index.php/login [] {"uid":"d7f87d3"}
[2019-01-08 18:12:29] slim-app.INFO: /sms/index.php/api/login [] {"uid":"10cd5e1"}
[2019-01-08 18:12:30] slim-app.INFO: /sms/index.php/ [] {"uid":"08a1e90"}
[2019-01-08 18:12:30] slim-app.INFO: /sms/index.php/api/sms/list/0/1000 [] {"uid":"5f232d0"}
[2019-01-08 18:12:31] slim-app.INFO: /sms/index.php/api/sms/list/0/1000 [] {"uid":"165b657"}
[2019-01-08 18:12:34] slim-app.INFO: /sms/index.php/api/sms/refresh [] {"uid":"c4a0e10"}
[2019-01-08 18:12:34] slim-app.INFO: /sms/index.php/ [] {"uid":"896750f"}
[2019-01-08 18:12:35] slim-app.INFO: /sms/index.php/api/sms/list/0/1000 [] {"uid":"f1bd06f"}
[2019-01-08 18:12:35] slim-app.INFO: /sms/index.php/api/sms/list/0/1000 [] {"uid":"f04cd15"}
